[0.013s] Invoking command in '/home/alrraf/Code/learning/ros2_ws/src/my_cpp_pkg/build/my_cpp_pkg': CMAKE_PREFIX_PATH=${CMAKE_PREFIX_PATH}:/home/alrraf/Code/learning/ros2_ws/install/my_py_pkg:/home/alrraf/ros2_ws/install/my_py_pkg:/opt/ros/humble /usr/bin/cmake /home/alrraf/Code/learning/ros2_ws/src/my_cpp_pkg -DCMAKE_INSTALL_PREFIX=/home/alrraf/Code/learning/ros2_ws/src/my_cpp_pkg/install/my_cpp_pkg
[0.132s] -- The C compiler identification is GNU 11.2.0
[0.217s] -- The CXX compiler identification is GNU 11.2.0
[0.233s] -- Detecting C compiler ABI info
[0.291s] -- Detecting C compiler ABI info - done
[0.298s] -- Check for working C compiler: /usr/bin/cc - skipped
[0.298s] -- Detecting C compile features
[0.299s] -- Detecting C compile features - done
[0.302s] -- Detecting CXX compiler ABI info
[0.368s] -- Detecting CXX compiler ABI info - done
[0.375s] -- Check for working CXX compiler: /usr/bin/c++ - skipped
[0.375s] -- Detecting CXX compile features
[0.375s] -- Detecting CXX compile features - done
[0.379s] -- Found ament_cmake: 1.3.2 (/opt/ros/humble/share/ament_cmake/cmake)
[0.555s] -- Found Python3: /usr/bin/python3.10 (found version "3.10.4") found components: Interpreter 
[0.646s] -- Found rclcpp: 16.0.1 (/opt/ros/humble/share/rclcpp/cmake)
[0.690s] -- Found rosidl_generator_c: 3.1.3 (/opt/ros/humble/share/rosidl_generator_c/cmake)
[0.695s] -- Found rosidl_adapter: 3.1.3 (/opt/ros/humble/share/rosidl_adapter/cmake)
[0.702s] -- Found rosidl_generator_cpp: 3.1.3 (/opt/ros/humble/share/rosidl_generator_cpp/cmake)
[0.715s] -- Using all available rosidl_typesupport_c: rosidl_typesupport_fastrtps_c;rosidl_typesupport_introspection_c
[0.736s] -- Using all available rosidl_typesupport_cpp: rosidl_typesupport_fastrtps_cpp;rosidl_typesupport_introspection_cpp
[0.802s] -- Found rmw_implementation_cmake: 6.1.0 (/opt/ros/humble/share/rmw_implementation_cmake/cmake)
[0.804s] -- Found rmw_fastrtps_cpp: 6.2.1 (/opt/ros/humble/share/rmw_fastrtps_cpp/cmake)
[0.908s] -- Found OpenSSL: /usr/lib/x86_64-linux-gnu/libcrypto.so (found version "3.0.2")  
[0.939s] -- Found FastRTPS: /opt/ros/humble/include  
[0.992s] -- Using RMW implementation 'rmw_fastrtps_cpp' as default
[1.153s] -- Found example_interfaces: 0.9.3 (/opt/ros/humble/share/example_interfaces/cmake)
[1.288s] -- Found my_robot_interfaces: 0.0.0 (/home/alrraf/Code/learning/ros2_ws/install/my_robot_interfaces/share/my_robot_interfaces/cmake)
[1.384s] -- Configuring done
[1.426s] -- Generating done
[1.429s] -- Build files have been written to: /home/alrraf/Code/learning/ros2_ws/src/my_cpp_pkg/build/my_cpp_pkg
[1.449s] Invoked command in '/home/alrraf/Code/learning/ros2_ws/src/my_cpp_pkg/build/my_cpp_pkg' returned '0': CMAKE_PREFIX_PATH=${CMAKE_PREFIX_PATH}:/home/alrraf/Code/learning/ros2_ws/install/my_py_pkg:/home/alrraf/ros2_ws/install/my_py_pkg:/opt/ros/humble /usr/bin/cmake /home/alrraf/Code/learning/ros2_ws/src/my_cpp_pkg -DCMAKE_INSTALL_PREFIX=/home/alrraf/Code/learning/ros2_ws/src/my_cpp_pkg/install/my_cpp_pkg
[1.451s] Invoking command in '/home/alrraf/Code/learning/ros2_ws/src/my_cpp_pkg/build/my_cpp_pkg': CMAKE_PREFIX_PATH=${CMAKE_PREFIX_PATH}:/home/alrraf/Code/learning/ros2_ws/install/my_py_pkg:/home/alrraf/ros2_ws/install/my_py_pkg:/opt/ros/humble /usr/bin/cmake --build /home/alrraf/Code/learning/ros2_ws/src/my_cpp_pkg/build/my_cpp_pkg -- -j12 -l12
[1.505s] [ 15%] [32mBuilding CXX object CMakeFiles/number_publisher.dir/src/number_publisher.cpp.o[0m
[1.505s] [ 15%] [32mBuilding CXX object CMakeFiles/add_two_ints_client.dir/src/add_two_ints_client.cpp.o[0m
[1.505s] [ 15%] [32mBuilding CXX object CMakeFiles/robot_news_station.dir/src/robot_news_station.cpp.o[0m
[1.506s] [ 20%] [32mBuilding CXX object CMakeFiles/cpp_node.dir/src/my_first_node.cpp.o[0m
[1.513s] [ 25%] [32mBuilding CXX object CMakeFiles/add_two_ints_client_no_oop.dir/src/add_two_ints_client_no_oop.cpp.o[0m
[1.517s] [ 30%] [32mBuilding CXX object CMakeFiles/smartphone.dir/src/smartphone.cpp.o[0m
[1.523s] [ 35%] [32mBuilding CXX object CMakeFiles/battery.dir/src/battery.cpp.o[0m
[1.529s] [ 40%] [32mBuilding CXX object CMakeFiles/add_two_ints_server.dir/src/add_two_ints_server.cpp.o[0m
[1.535s] [ 45%] [32mBuilding CXX object CMakeFiles/number_counter.dir/src/number_counter.cpp.o[0m
[1.536s] [ 50%] [32mBuilding CXX object CMakeFiles/led_panel.dir/src/led_panel.cpp.o[0m
[1.545s] [01m[K/home/alrraf/Code/learning/ros2_ws/src/my_cpp_pkg/src/battery.cpp:1:10:[m[K [01;31m[Kfatal error: [m[Kmy_robot_interfaces/srv/battery_status.hpp: No such file or directory
[1.545s]     1 | #include [01;31m[K"my_robot_interfaces/srv/battery_status.hpp"[m[K
[1.545s]       |          [01;31m[K^~~~~~~~~~~~~~~~~~~~~~~~~~~~~~~~~~~~~~~~~~~~[m[K
[1.545s] compilation terminated.
[1.546s] [01m[K/home/alrraf/Code/learning/ros2_ws/src/my_cpp_pkg/src/led_panel.cpp:1:10:[m[K [01;31m[Kfatal error: [m[Kmy_robot_interfaces/msg/led_status.hpp: No such file or directory
[1.546s]     1 | #include [01;31m[K"my_robot_interfaces/msg/led_status.hpp"[m[K
[1.546s]       |          [01;31m[K^~~~~~~~~~~~~~~~~~~~~~~~~~~~~~~~~~~~~~~~[m[K
[1.546s] compilation terminated.
[1.547s] gmake[2]: *** [CMakeFiles/battery.dir/build.make:76: CMakeFiles/battery.dir/src/battery.cpp.o] Error 1
[1.547s] gmake[1]: *** [CMakeFiles/Makefile2:363: CMakeFiles/battery.dir/all] Error 2
[1.548s] gmake[1]: *** Waiting for unfinished jobs....
[1.548s] gmake[2]: *** [CMakeFiles/led_panel.dir/build.make:76: CMakeFiles/led_panel.dir/src/led_panel.cpp.o] Error 1
[1.548s] gmake[1]: *** [CMakeFiles/Makefile2:389: CMakeFiles/led_panel.dir/all] Error 2
[6.504s] [ 55%] [32m[1mLinking CXX executable cpp_node[0m
[6.933s] [ 55%] Built target cpp_node
[6.949s] [ 60%] [32m[1mLinking CXX executable add_two_ints_client_no_oop[0m
[7.007s] [ 65%] [32m[1mLinking CXX executable add_two_ints_client[0m
[7.364s] [ 65%] Built target add_two_ints_client_no_oop
[7.410s] [ 65%] Built target add_two_ints_client
[7.517s] [ 70%] [32m[1mLinking CXX executable add_two_ints_server[0m
[7.754s] [ 70%] Built target add_two_ints_server
[8.083s] [ 75%] [32m[1mLinking CXX executable robot_news_station[0m
[8.279s] [ 80%] [32m[1mLinking CXX executable number_publisher[0m
[8.319s] [ 80%] Built target robot_news_station
[8.515s] [ 80%] Built target number_publisher
[12.349s] [ 85%] [32m[1mLinking CXX executable smartphone[0m
[12.870s] [ 85%] Built target smartphone
[13.006s] [ 90%] [32m[1mLinking CXX executable number_counter[0m
[13.577s] [ 90%] Built target number_counter
[13.579s] gmake: *** [Makefile:146: all] Error 2
[13.588s] Invoked command in '/home/alrraf/Code/learning/ros2_ws/src/my_cpp_pkg/build/my_cpp_pkg' returned '2': CMAKE_PREFIX_PATH=${CMAKE_PREFIX_PATH}:/home/alrraf/Code/learning/ros2_ws/install/my_py_pkg:/home/alrraf/ros2_ws/install/my_py_pkg:/opt/ros/humble /usr/bin/cmake --build /home/alrraf/Code/learning/ros2_ws/src/my_cpp_pkg/build/my_cpp_pkg -- -j12 -l12
