[0.018s] Invoking command in '/home/alrraf/Code/learning/ros2_ws/build/my_cpp_pkg': CMAKE_PREFIX_PATH=/home/alrraf/Code/learning/ros2_ws/install/my_robot_interfaces:/home/alrraf/Code/learning/ros2_ws/install/my_cpp_pkg:/home/alrraf/ros2_ws/install/my_cpp_pkg:/home/alrraf/Code/learning/ros2_ws/install/my_py_pkg:/home/alrraf/ros2_ws/install/my_py_pkg:/opt/ros/humble /usr/bin/cmake --build /home/alrraf/Code/learning/ros2_ws/build/my_cpp_pkg -- -j12 -l12
[0.057s] -- Found ament_cmake: 1.3.2 (/opt/ros/humble/share/ament_cmake/cmake)
[0.221s] -- Found rclcpp: 16.0.1 (/opt/ros/humble/share/rclcpp/cmake)
[0.268s] -- Found rosidl_generator_c: 3.1.3 (/opt/ros/humble/share/rosidl_generator_c/cmake)
[0.272s] -- Found rosidl_adapter: 3.1.3 (/opt/ros/humble/share/rosidl_adapter/cmake)
[0.287s] -- Found rosidl_generator_cpp: 3.1.3 (/opt/ros/humble/share/rosidl_generator_cpp/cmake)
[0.306s] -- Using all available rosidl_typesupport_c: rosidl_typesupport_fastrtps_c;rosidl_typesupport_introspection_c
[0.325s] -- Using all available rosidl_typesupport_cpp: rosidl_typesupport_fastrtps_cpp;rosidl_typesupport_introspection_cpp
[0.391s] -- Found rmw_implementation_cmake: 6.1.0 (/opt/ros/humble/share/rmw_implementation_cmake/cmake)
[0.393s] -- Found rmw_fastrtps_cpp: 6.2.1 (/opt/ros/humble/share/rmw_fastrtps_cpp/cmake)
[0.517s] -- Using RMW implementation 'rmw_fastrtps_cpp' as default
[0.672s] -- Found example_interfaces: 0.9.3 (/opt/ros/humble/share/example_interfaces/cmake)
[0.806s] -- Found my_robot_interfaces: 0.0.0 (/home/alrraf/Code/learning/ros2_ws/install/my_robot_interfaces/share/my_robot_interfaces/cmake)
[0.880s] -- Configuring done
[0.919s] -- Generating done
[0.922s] -- Build files have been written to: /home/alrraf/Code/learning/ros2_ws/build/my_cpp_pkg
[0.949s] [35m[1mConsolidate compiler generated dependencies of target battery[0m
[0.950s] [35m[1mConsolidate compiler generated dependencies of target add_two_ints_server[0m
[0.950s] [35m[1mConsolidate compiler generated dependencies of target number_counter[0m
[0.950s] [35m[1mConsolidate compiler generated dependencies of target add_two_ints_client[0m
[0.950s] [35m[1mConsolidate compiler generated dependencies of target robot_news_station[0m
[0.950s] [35m[1mConsolidate compiler generated dependencies of target smartphone[0m
[0.950s] [35m[1mConsolidate compiler generated dependencies of target add_two_ints_client_no_oop[0m
[0.950s] [35m[1mConsolidate compiler generated dependencies of target number_publisher[0m
[0.951s] [35m[1mConsolidate compiler generated dependencies of target cpp_node[0m
[0.959s] [  5%] [32mBuilding CXX object CMakeFiles/led_panel.dir/src/led_panel.cpp.o[0m
[0.970s] [01m[K/home/alrraf/Code/learning/ros2_ws/src/my_cpp_pkg/src/led_panel.cpp:1:10:[m[K [01;31m[Kfatal error: [m[Kmy_robot_interfaces/msg/led_status.hpp: No such file or directory
[0.970s]     1 | #include [01;31m[K"my_robot_interfaces/msg/led_status.hpp"[m[K
[0.970s]       |          [01;31m[K^~~~~~~~~~~~~~~~~~~~~~~~~~~~~~~~~~~~~~~~[m[K
[0.970s] compilation terminated.
[0.972s] gmake[2]: *** [CMakeFiles/led_panel.dir/build.make:76: CMakeFiles/led_panel.dir/src/led_panel.cpp.o] Error 1
[0.972s] gmake[1]: *** [CMakeFiles/Makefile2:389: CMakeFiles/led_panel.dir/all] Error 2
[0.972s] gmake[1]: *** Waiting for unfinished jobs....
[0.972s] [ 90%] Built target add_two_ints_client
[0.972s] [ 90%] [32mBuilding CXX object CMakeFiles/battery.dir/src/battery.cpp.o[0m
[0.972s] [ 90%] Built target smartphone
[0.972s] [ 90%] Built target add_two_ints_server
[0.972s] [ 90%] Built target cpp_node
[0.972s] [ 90%] Built target number_counter
[0.972s] [ 90%] Built target robot_news_station
[0.973s] [ 90%] Built target add_two_ints_client_no_oop
[0.973s] [ 90%] Built target number_publisher
[0.978s] [01m[K/home/alrraf/Code/learning/ros2_ws/src/my_cpp_pkg/src/battery.cpp:1:10:[m[K [01;31m[Kfatal error: [m[Kmy_robot_interfaces/srv/battery_status.hpp: No such file or directory
[0.978s]     1 | #include [01;31m[K"my_robot_interfaces/srv/battery_status.hpp"[m[K
[0.979s]       |          [01;31m[K^~~~~~~~~~~~~~~~~~~~~~~~~~~~~~~~~~~~~~~~~~~~[m[K
[0.979s] compilation terminated.
[0.979s] gmake[2]: *** [CMakeFiles/battery.dir/build.make:76: CMakeFiles/battery.dir/src/battery.cpp.o] Error 1
[0.979s] gmake[1]: *** [CMakeFiles/Makefile2:363: CMakeFiles/battery.dir/all] Error 2
[0.980s] gmake: *** [Makefile:146: all] Error 2
[0.982s] Invoked command in '/home/alrraf/Code/learning/ros2_ws/build/my_cpp_pkg' returned '2': CMAKE_PREFIX_PATH=/home/alrraf/Code/learning/ros2_ws/install/my_robot_interfaces:/home/alrraf/Code/learning/ros2_ws/install/my_cpp_pkg:/home/alrraf/ros2_ws/install/my_cpp_pkg:/home/alrraf/Code/learning/ros2_ws/install/my_py_pkg:/home/alrraf/ros2_ws/install/my_py_pkg:/opt/ros/humble /usr/bin/cmake --build /home/alrraf/Code/learning/ros2_ws/build/my_cpp_pkg -- -j12 -l12
