[35m[1mConsolidate compiler generated dependencies of target robot_news_station[0m
[35m[1mConsolidate compiler generated dependencies of target number_publisher[0m
[35m[1mConsolidate compiler generated dependencies of target number_counter[0m
[35m[1mConsolidate compiler generated dependencies of target smartphone[0m
[35m[1mConsolidate compiler generated dependencies of target add_two_ints_client[0m
[35m[1mConsolidate compiler generated dependencies of target cpp_node[0m
[35m[1mConsolidate compiler generated dependencies of target add_two_ints_server[0m
[35m[1mConsolidate compiler generated dependencies of target add_two_ints_client_no_oop[0m
[  5%] [32mBuilding CXX object CMakeFiles/led_panel.dir/src/led_panel.cpp.o[0m
[ 10%] [32mBuilding CXX object CMakeFiles/battery.dir/src/battery.cpp.o[0m
[ 25%] Built target robot_news_station
[ 30%] Built target add_two_ints_server
[ 40%] Built target smartphone
[ 55%] Built target cpp_node
[ 60%] Built target number_publisher
[ 70%] Built target add_two_ints_client
[ 80%] Built target add_two_ints_client_no_oop
[ 90%] Built target number_counter
[01m[K/home/alrraf/Code/learning/ros2_ws/src/my_cpp_pkg/src/led_panel.cpp:1:10:[m[K [01;31m[Kfatal error: [m[Kmy_robot_interfaces/msg/led_status.hpp: No such file or directory
    1 | #include [01;31m[K"my_robot_interfaces/msg/led_status.hpp"[m[K
      |          [01;31m[K^~~~~~~~~~~~~~~~~~~~~~~~~~~~~~~~~~~~~~~~[m[K
compilation terminated.
[01m[K/home/alrraf/Code/learning/ros2_ws/src/my_cpp_pkg/src/battery.cpp:2:10:[m[K [01;31m[Kfatal error: [m[Kmy_robot_interfaces/my_robot_interfaces/srv/battery_status.hpp: No such file or directory
    2 | #include [01;31m[K"my_robot_interfaces/my_robot_interfaces/srv/battery_status.hpp"[m[K
      |          [01;31m[K^~~~~~~~~~~~~~~~~~~~~~~~~~~~~~~~~~~~~~~~~~~~~~~~~~~~~~~~~~~~~~~~[m[K
compilation terminated.
gmake[2]: *** [CMakeFiles/battery.dir/build.make:76: CMakeFiles/battery.dir/src/battery.cpp.o] Error 1
gmake[2]: *** [CMakeFiles/led_panel.dir/build.make:76: CMakeFiles/led_panel.dir/src/led_panel.cpp.o] Error 1
gmake[1]: *** [CMakeFiles/Makefile2:363: CMakeFiles/battery.dir/all] Error 2
gmake[1]: *** Waiting for unfinished jobs....
gmake[1]: *** [CMakeFiles/Makefile2:389: CMakeFiles/led_panel.dir/all] Error 2
gmake: *** [Makefile:146: all] Error 2
