[0.020s] Invoking command in '/home/alrraf/Code/learning/ros2_ws/src/my_cpp_pkg/build/my_cpp_pkg': CMAKE_PREFIX_PATH=${CMAKE_PREFIX_PATH}:/home/alrraf/Code/learning/ros2_ws/install/my_py_pkg:/home/alrraf/ros2_ws/install/my_py_pkg:/opt/ros/humble /usr/bin/cmake --build /home/alrraf/Code/learning/ros2_ws/src/my_cpp_pkg/build/my_cpp_pkg -- -j12 -l12
[0.094s] [35m[1mConsolidate compiler generated dependencies of target robot_news_station[0m
[0.094s] [35m[1mConsolidate compiler generated dependencies of target number_publisher[0m
[0.094s] [35m[1mConsolidate compiler generated dependencies of target number_counter[0m
[0.094s] [35m[1mConsolidate compiler generated dependencies of target smartphone[0m
[0.094s] [35m[1mConsolidate compiler generated dependencies of target add_two_ints_client[0m
[0.094s] [35m[1mConsolidate compiler generated dependencies of target cpp_node[0m
[0.094s] [35m[1mConsolidate compiler generated dependencies of target add_two_ints_server[0m
[0.094s] [35m[1mConsolidate compiler generated dependencies of target add_two_ints_client_no_oop[0m
[0.105s] [  5%] [32mBuilding CXX object CMakeFiles/led_panel.dir/src/led_panel.cpp.o[0m
[0.110s] [ 10%] [32mBuilding CXX object CMakeFiles/battery.dir/src/battery.cpp.o[0m
[0.118s] [ 25%] Built target robot_news_station
[0.118s] [ 30%] Built target add_two_ints_server
[0.120s] [ 40%] Built target smartphone
[0.122s] [ 55%] Built target cpp_node
[0.122s] [ 60%] Built target number_publisher
[0.123s] [ 70%] Built target add_two_ints_client
[0.124s] [ 80%] Built target add_two_ints_client_no_oop
[0.125s] [ 90%] Built target number_counter
[0.157s] [01m[K/home/alrraf/Code/learning/ros2_ws/src/my_cpp_pkg/src/led_panel.cpp:1:10:[m[K [01;31m[Kfatal error: [m[Kmy_robot_interfaces/msg/led_status.hpp: No such file or directory
[0.157s]     1 | #include [01;31m[K"my_robot_interfaces/msg/led_status.hpp"[m[K
[0.157s]       |          [01;31m[K^~~~~~~~~~~~~~~~~~~~~~~~~~~~~~~~~~~~~~~~[m[K
[0.157s] compilation terminated.
[0.157s] [01m[K/home/alrraf/Code/learning/ros2_ws/src/my_cpp_pkg/src/battery.cpp:2:10:[m[K [01;31m[Kfatal error: [m[Kmy_robot_interfaces/my_robot_interfaces/srv/battery_status.hpp: No such file or directory
[0.157s]     2 | #include [01;31m[K"my_robot_interfaces/my_robot_interfaces/srv/battery_status.hpp"[m[K
[0.157s]       |          [01;31m[K^~~~~~~~~~~~~~~~~~~~~~~~~~~~~~~~~~~~~~~~~~~~~~~~~~~~~~~~~~~~~~~~[m[K
[0.157s] compilation terminated.
[0.158s] gmake[2]: *** [CMakeFiles/battery.dir/build.make:76: CMakeFiles/battery.dir/src/battery.cpp.o] Error 1
[0.158s] gmake[2]: *** [CMakeFiles/led_panel.dir/build.make:76: CMakeFiles/led_panel.dir/src/led_panel.cpp.o] Error 1
[0.158s] gmake[1]: *** [CMakeFiles/Makefile2:363: CMakeFiles/battery.dir/all] Error 2
[0.158s] gmake[1]: *** Waiting for unfinished jobs....
[0.158s] gmake[1]: *** [CMakeFiles/Makefile2:389: CMakeFiles/led_panel.dir/all] Error 2
[0.158s] gmake: *** [Makefile:146: all] Error 2
[0.161s] Invoked command in '/home/alrraf/Code/learning/ros2_ws/src/my_cpp_pkg/build/my_cpp_pkg' returned '2': CMAKE_PREFIX_PATH=${CMAKE_PREFIX_PATH}:/home/alrraf/Code/learning/ros2_ws/install/my_py_pkg:/home/alrraf/ros2_ws/install/my_py_pkg:/opt/ros/humble /usr/bin/cmake --build /home/alrraf/Code/learning/ros2_ws/src/my_cpp_pkg/build/my_cpp_pkg -- -j12 -l12
